<?xml version="1.0" encoding="UTF-8"?>
<!-- Generated by org.testng.reporters.JUnitXMLReporter -->
<testsuite ignored="0" hostname="DESKTOP-3GBAJJR" failures="1" tests="1" name="TCID1" time="0.228" errors="0" timestamp="2020-03-06T17:12:54 IST">
  <testcase classname="executionscript.TCID1" name="startTest" time="0.038">
    <failure type="java.lang.NullPointerException">
      <![CDATA[java.lang.NullPointerException
at automationlibrary.AutomationScript.launcher(AutomationScript.java:20)
at executionscript.TCID1.startTest(TCID1.java:11)
at java.base/java.util.ArrayList.forEach(ArrayList.java:1507)
... Removed 27 stack frames]]>
    </failure>
  </testcase> <!-- startTest -->
</testsuite> <!-- TCID1 -->
