<?xml version="1.0" encoding="UTF-8"?>
<!-- Generated by org.testng.reporters.JUnitXMLReporter -->
<testsuite ignored="0" hostname="DESKTOP-3GBAJJR" failures="1" tests="1" name="TCID2" time="0.02" errors="0" timestamp="2020-03-06T17:18:39 IST">
  <testcase classname="executionscript.TCID2" name="runTest" time="0.015">
    <failure type="java.lang.NullPointerException">
      <![CDATA[java.lang.NullPointerException
at automationlibrary.AutomationScript.getElements(AutomationScript.java:23)
at executionscript.TCID2.runTest(TCID2.java:10)
at java.base/java.util.ArrayList.forEach(ArrayList.java:1507)
... Removed 30 stack frames]]>
    </failure>
  </testcase> <!-- runTest -->
</testsuite> <!-- TCID2 -->
